
> @obinexuscomputing/html@1.0.0 prebuild
> npm run clean

[1G[0K
> @obinexuscomputing/html@1.0.0 clean
> rm -rf dist

[1G[0K[1G[0Kâ ™[1G[0K[1G[0Kâ ™[1G[0K
> @obinexuscomputing/html@1.0.0 build
> npm run build:ts && npm run build:rollup

[1G[0Kâ ™[1G[0K
> @obinexuscomputing/html@1.0.0 build:ts
> tsc --emitDeclarationOnly

[1G[0K[96msrc/optimizer/index.ts[0m:[93m27[0m:[93m11[0m - [91merror[0m[90m TS18048: [0m'current.value' is possibly 'undefined'.

[7m27[0m           current.value += next.value;
[7m  [0m [91m          ~~~~~~~~~~~~~[0m

[96msrc/optimizer/index.ts[0m:[93m27[0m:[93m28[0m - [91merror[0m[90m TS18048: [0m'next.value' is possibly 'undefined'.

[7m27[0m           current.value += next.value;
[7m  [0m [91m                           ~~~~~~~~~~[0m


Found 2 errors in the same file, starting at: src/optimizer/index.ts[90m:27[0m

[1G[0Kâ ™[1G[0K[1mnpm[22m [31merror[39m Lifecycle script `build:ts` failed with error:
[1G[0Kâ ™[1G[0K[1mnpm[22m [31merror[39m [94mcode[39m [33m1[39m
[1G[0Kâ ™[1G[0K[1mnpm[22m [31merror[39m [94mpath[39m /home/nnamdi/projects/obinexuscomputing/pkg/dom-asm/packages/html
[1G[0Kâ ™[1G[0K[1mnpm[22m [31merror[39m [94mworkspace[39m @obinexuscomputing/html@1.0.0
[1G[0Kâ ™[1G[0K[1mnpm[22m [31merror[39m [94mlocation[39m /home/nnamdi/projects/obinexuscomputing/pkg/dom-asm/packages/html
[1G[0Kâ ™[1G[0K[1mnpm[22m [31merror[39m command failed
[1G[0Kâ ™[1G[0K[1mnpm[22m [31merror[39m [94mcommand[39m sh -c tsc --emitDeclarationOnly
[1G[0Kâ ™[1G[0K[1G[0Kâ ™[1G[0K[1mnpm[22m [31merror[39m Lifecycle script `build` failed with error:
[1G[0Kâ ™[1G[0K[1mnpm[22m [31merror[39m [94mcode[39m [33m1[39m
[1G[0Kâ ™[1G[0K[1mnpm[22m [31merror[39m [94mpath[39m /home/nnamdi/projects/obinexuscomputing/pkg/dom-asm/packages/html
[1G[0Kâ ™[1G[0K[1mnpm[22m [31merror[39m [94mworkspace[39m @obinexuscomputing/html@1.0.0
[1G[0Kâ ™[1G[0K[1mnpm[22m [31merror[39m [94mlocation[39m /home/nnamdi/projects/obinexuscomputing/pkg/dom-asm/packages/html
[1G[0Kâ ™[1G[0K[1mnpm[22m [31merror[39m command failed
[1G[0Kâ ™[1G[0K[1mnpm[22m [31merror[39m [94mcommand[39m sh -c npm run build:ts && npm run build:rollup
[1G[0Kâ ™[1G[0K
