
> @obinexuscomputing/css@1.0.0 test
> jest

[1G[0K[1m[2mDetermining test suites to run...[22m[22m[999D[K

[1mTest Suites: [22m0 of 5 total
[1mTests:       [22m0 total
[1mSnapshots:   [22m0 total
[1mTime:[22m        0 s[K[1A[K[1A[K[1A[K[1A[K[1A
[0m[7m[33m[1m RUNS [22m[39m[27m[0m [2mtests/[22m[1mvalidator.test.ts[22m
[0m[7m[33m[1m RUNS [22m[39m[27m[0m [2mtests/[22m[1mtokenizer.test.ts[22m
[0m[7m[33m[1m RUNS [22m[39m[27m[0m [2mtests/[22m[1moptimizer.test.ts[22m
[0m[7m[33m[1m RUNS [22m[39m[27m[0m [2mtests/[22m[1mcode-geenrator.test.ts[22m
[0m[7m[33m[1m RUNS [22m[39m[27m[0m [2mtests/[22m[1mast.test.ts[22m

[1mTest Suites: [22m0 of 5 total
[1mTests:       [22m0 total
[1mSnapshots:   [22m0 total
[1mTime:[22m        0 s[K[1A[K[1A[K[1A[K[1A[K[1A[K[1A[K[1A[K[1A[K[1A[K[1A
[0m[7m[33m[1m RUNS [22m[39m[27m[0m [2mtests/[22m[1mvalidator.test.ts[22m
[0m[7m[33m[1m RUNS [22m[39m[27m[0m [2mtests/[22m[1mtokenizer.test.ts[22m
[0m[7m[33m[1m RUNS [22m[39m[27m[0m [2mtests/[22m[1moptimizer.test.ts[22m
[0m[7m[33m[1m RUNS [22m[39m[27m[0m [2mtests/[22m[1mcode-geenrator.test.ts[22m
[0m[7m[33m[1m RUNS [22m[39m[27m[0m [2mtests/[22m[1mast.test.ts[22m

[1mTest Suites: [22m0 of 5 total
[1mTests:       [22m0 total
[1mSnapshots:   [22m0 total
[1mTime:[22m        1 s[K[1A[K[1A[K[1A[K[1A[K[1A[K[1A[K[1A[K[1A[K[1A[K[1Ats-jest[ts-jest-transformer] (WARN) Define `ts-jest` config under `globals` is deprecated. Please do
transform: {
    <transform_regex>: ['ts-jest', { /* ts-jest config goes here in Jest */ }],
},
See more at https://kulshekhar.github.io/ts-jest/docs/getting-started/presets#advanced

[0m[7m[33m[1m RUNS [22m[39m[27m[0m [2mtests/[22m[1mvalidator.test.ts[22m
[0m[7m[33m[1m RUNS [22m[39m[27m[0m [2mtests/[22m[1mtokenizer.test.ts[22m
[0m[7m[33m[1m RUNS [22m[39m[27m[0m [2mtests/[22m[1moptimizer.test.ts[22m
[0m[7m[33m[1m RUNS [22m[39m[27m[0m [2mtests/[22m[1mcode-geenrator.test.ts[22m
[0m[7m[33m[1m RUNS [22m[39m[27m[0m [2mtests/[22m[1mast.test.ts[22m

[1mTest Suites: [22m0 of 5 total
[1mTests:       [22m0 total
[1mSnapshots:   [22m0 total
[1mTime:[22m        1 s[K[1A[K[1A[K[1A[K[1A[K[1A[K[1A[K[1A[K[1A[K[1A[K[1A
[0m[7m[33m[1m RUNS [22m[39m[27m[0m [2mtests/[22m[1mvalidator.test.ts[22m
[0m[7m[33m[1m RUNS [22m[39m[27m[0m [2mtests/[22m[1mtokenizer.test.ts[22m
[0m[7m[33m[1m RUNS [22m[39m[27m[0m [2mtests/[22m[1moptimizer.test.ts[22m
[0m[7m[33m[1m RUNS [22m[39m[27m[0m [2mtests/[22m[1mcode-geenrator.test.ts[22m
[0m[7m[33m[1m RUNS [22m[39m[27m[0m [2mtests/[22m[1mast.test.ts[22m

[1mTest Suites: [22m0 of 5 total
[1mTests:       [22m0 total
[1mSnapshots:   [22m0 total
[1mTime:[22m        2 s[K[1A[K[1A[K[1A[K[1A[K[1A[K[1A[K[1A[K[1A[K[1A[K[1Ats-jest[ts-jest-transformer] (WARN) Define `ts-jest` config under `globals` is deprecated. Please do
transform: {
    <transform_regex>: ['ts-jest', { /* ts-jest config goes here in Jest */ }],
},
See more at https://kulshekhar.github.io/ts-jest/docs/getting-started/presets#advanced

[0m[7m[33m[1m RUNS [22m[39m[27m[0m [2mtests/[22m[1mvalidator.test.ts[22m
[0m[7m[33m[1m RUNS [22m[39m[27m[0m [2mtests/[22m[1mtokenizer.test.ts[22m
[0m[7m[33m[1m RUNS [22m[39m[27m[0m [2mtests/[22m[1moptimizer.test.ts[22m
[0m[7m[33m[1m RUNS [22m[39m[27m[0m [2mtests/[22m[1mcode-geenrator.test.ts[22m
[0m[7m[33m[1m RUNS [22m[39m[27m[0m [2mtests/[22m[1mast.test.ts[22m

[1mTest Suites: [22m0 of 5 total
[1mTests:       [22m0 total
[1mSnapshots:   [22m0 total
[1mTime:[22m        2 s[K[1A[K[1A[K[1A[K[1A[K[1A[K[1A[K[1A[K[1A[K[1A[K[1Ats-jest[ts-jest-transformer] (WARN) Define `ts-jest` config under `globals` is deprecated. Please do
transform: {
    <transform_regex>: ['ts-jest', { /* ts-jest config goes here in Jest */ }],
},
See more at https://kulshekhar.github.io/ts-jest/docs/getting-started/presets#advanced

[0m[7m[33m[1m RUNS [22m[39m[27m[0m [2mtests/[22m[1mvalidator.test.ts[22m
[0m[7m[33m[1m RUNS [22m[39m[27m[0m [2mtests/[22m[1mtokenizer.test.ts[22m
[0m[7m[33m[1m RUNS [22m[39m[27m[0m [2mtests/[22m[1moptimizer.test.ts[22m
[0m[7m[33m[1m RUNS [22m[39m[27m[0m [2mtests/[22m[1mcode-geenrator.test.ts[22m
[0m[7m[33m[1m RUNS [22m[39m[27m[0m [2mtests/[22m[1mast.test.ts[22m

[1mTest Suites: [22m0 of 5 total
[1mTests:       [22m0 total
[1mSnapshots:   [22m0 total
[1mTime:[22m        2 s[K[1A[K[1A[K[1A[K[1A[K[1A[K[1A[K[1A[K[1A[K[1A[K[1Ats-jest[ts-jest-transformer] (WARN) Define `ts-jest` config under `globals` is deprecated. Please do
transform: {
    <transform_regex>: ['ts-jest', { /* ts-jest config goes here in Jest */ }],
},
See more at https://kulshekhar.github.io/ts-jest/docs/getting-started/presets#advanced

[0m[7m[33m[1m RUNS [22m[39m[27m[0m [2mtests/[22m[1mvalidator.test.ts[22m
[0m[7m[33m[1m RUNS [22m[39m[27m[0m [2mtests/[22m[1mtokenizer.test.ts[22m
[0m[7m[33m[1m RUNS [22m[39m[27m[0m [2mtests/[22m[1moptimizer.test.ts[22m
[0m[7m[33m[1m RUNS [22m[39m[27m[0m [2mtests/[22m[1mcode-geenrator.test.ts[22m
[0m[7m[33m[1m RUNS [22m[39m[27m[0m [2mtests/[22m[1mast.test.ts[22m

[1mTest Suites: [22m0 of 5 total
[1mTests:       [22m0 total
[1mSnapshots:   [22m0 total
[1mTime:[22m        2 s[K[1A[K[1A[K[1A[K[1A[K[1A[K[1A[K[1A[K[1A[K[1A[K[1Ats-jest[ts-jest-transformer] (WARN) Define `ts-jest` config under `globals` is deprecated. Please do
transform: {
    <transform_regex>: ['ts-jest', { /* ts-jest config goes here in Jest */ }],
},
See more at https://kulshekhar.github.io/ts-jest/docs/getting-started/presets#advanced

[0m[7m[33m[1m RUNS [22m[39m[27m[0m [2mtests/[22m[1mvalidator.test.ts[22m
[0m[7m[33m[1m RUNS [22m[39m[27m[0m [2mtests/[22m[1mtokenizer.test.ts[22m
[0m[7m[33m[1m RUNS [22m[39m[27m[0m [2mtests/[22m[1moptimizer.test.ts[22m
[0m[7m[33m[1m RUNS [22m[39m[27m[0m [2mtests/[22m[1mcode-geenrator.test.ts[22m
[0m[7m[33m[1m RUNS [22m[39m[27m[0m [2mtests/[22m[1mast.test.ts[22m

[1mTest Suites: [22m0 of 5 total
[1mTests:       [22m0 total
[1mSnapshots:   [22m0 total
[1mTime:[22m        2 s[K[1A[K[1A[K[1A[K[1A[K[1A[K[1A[K[1A[K[1A[K[1A[K[1A
[0m[7m[33m[1m RUNS [22m[39m[27m[0m [2mtests/[22m[1mvalidator.test.ts[22m
[0m[7m[33m[1m RUNS [22m[39m[27m[0m [2mtests/[22m[1mtokenizer.test.ts[22m
[0m[7m[33m[1m RUNS [22m[39m[27m[0m [2mtests/[22m[1moptimizer.test.ts[22m
[0m[7m[33m[1m RUNS [22m[39m[27m[0m [2mtests/[22m[1mcode-geenrator.test.ts[22m
[0m[7m[33m[1m RUNS [22m[39m[27m[0m [2mtests/[22m[1mast.test.ts[22m

[1mTest Suites: [22m0 of 5 total
[1mTests:       [22m0 total
[1mSnapshots:   [22m0 total
[1mTime:[22m        3 s[K[1A[K[1A[K[1A[K[1A[K[1A[K[1A[K[1A[K[1A[K[1A[K[1A
[0m[7m[33m[1m RUNS [22m[39m[27m[0m [2mtests/[22m[1mvalidator.test.ts[22m
[0m[7m[33m[1m RUNS [22m[39m[27m[0m [2mtests/[22m[1mtokenizer.test.ts[22m
[0m[7m[33m[1m RUNS [22m[39m[27m[0m [2mtests/[22m[1moptimizer.test.ts[22m
[0m[7m[33m[1m RUNS [22m[39m[27m[0m [2mtests/[22m[1mcode-geenrator.test.ts[22m
[0m[7m[33m[1m RUNS [22m[39m[27m[0m [2mtests/[22m[1mast.test.ts[22m

[1mTest Suites: [22m0 of 5 total
[1mTests:       [22m0 total
[1mSnapshots:   [22m0 total
[1mTime:[22m        4 s[K[1A[K[1A[K[1A[K[1A[K[1A[K[1A[K[1A[K[1A[K[1A[K[1A
[0m[7m[33m[1m RUNS [22m[39m[27m[0m [2mtests/[22m[1mvalidator.test.ts[22m
[0m[7m[33m[1m RUNS [22m[39m[27m[0m [2mtests/[22m[1mtokenizer.test.ts[22m
[0m[7m[33m[1m RUNS [22m[39m[27m[0m [2mtests/[22m[1moptimizer.test.ts[22m
[0m[7m[33m[1m RUNS [22m[39m[27m[0m [2mtests/[22m[1mcode-geenrator.test.ts[22m
[0m[7m[33m[1m RUNS [22m[39m[27m[0m [2mtests/[22m[1mast.test.ts[22m

[1mTest Suites: [22m0 of 5 total
[1mTests:       [22m0 total
[1mSnapshots:   [22m0 total
[1mTime:[22m        5 s[K[1A[K[1A[K[1A[K[1A[K[1A[K[1A[K[1A[K[1A[K[1A[K[1A
[0m[7m[33m[1m RUNS [22m[39m[27m[0m [2mtests/[22m[1mvalidator.test.ts[22m
[0m[7m[33m[1m RUNS [22m[39m[27m[0m [2mtests/[22m[1mtokenizer.test.ts[22m
[0m[7m[33m[1m RUNS [22m[39m[27m[0m [2mtests/[22m[1moptimizer.test.ts[22m
[0m[7m[33m[1m RUNS [22m[39m[27m[0m [2mtests/[22m[1mcode-geenrator.test.ts[22m
[0m[7m[33m[1m RUNS [22m[39m[27m[0m [2mtests/[22m[1mast.test.ts[22m

[1mTest Suites: [22m0 of 5 total
[1mTests:       [22m0 total
[1mSnapshots:   [22m0 total
[1mTime:[22m        6 s[K[1A[K[1A[K[1A[K[1A[K[1A[K[1A[K[1A[K[1A[K[1A[K[1A
[0m[7m[33m[1m RUNS [22m[39m[27m[0m [2mtests/[22m[1mvalidator.test.ts[22m
[0m[7m[33m[1m RUNS [22m[39m[27m[0m [2mtests/[22m[1mtokenizer.test.ts[22m
[0m[7m[33m[1m RUNS [22m[39m[27m[0m [2mtests/[22m[1moptimizer.test.ts[22m
[0m[7m[33m[1m RUNS [22m[39m[27m[0m [2mtests/[22m[1mcode-geenrator.test.ts[22m
[0m[7m[33m[1m RUNS [22m[39m[27m[0m [2mtests/[22m[1mast.test.ts[22m

[1mTest Suites: [22m0 of 5 total
[1mTests:       [22m0 total
[1mSnapshots:   [22m0 total
[1mTime:[22m        7 s[K[1A[K[1A[K[1A[K[1A[K[1A[K[1A[K[1A[K[1A[K[1A[K[1A
[0m[7m[33m[1m RUNS [22m[39m[27m[0m [2mtests/[22m[1mvalidator.test.ts[22m
[0m[7m[33m[1m RUNS [22m[39m[27m[0m [2mtests/[22m[1mtokenizer.test.ts[22m
[0m[7m[33m[1m RUNS [22m[39m[27m[0m [2mtests/[22m[1moptimizer.test.ts[22m
[0m[7m[33m[1m RUNS [22m[39m[27m[0m [2mtests/[22m[1mcode-geenrator.test.ts[22m
[0m[7m[33m[1m RUNS [22m[39m[27m[0m [2mtests/[22m[1mast.test.ts[22m

[1mTest Suites: [22m0 of 5 total
[1mTests:       [22m0 total
[1mSnapshots:   [22m0 total
[1mTime:[22m        8 s[K[1A[K[1A[K[1A[K[1A[K[1A[K[1A[K[1A[K[1A[K[1A[K[1A
[0m[7m[33m[1m RUNS [22m[39m[27m[0m [2mtests/[22m[1mvalidator.test.ts[22m
[0m[7m[33m[1m RUNS [22m[39m[27m[0m [2mtests/[22m[1mtokenizer.test.ts[22m
[0m[7m[33m[1m RUNS [22m[39m[27m[0m [2mtests/[22m[1moptimizer.test.ts[22m
[0m[7m[33m[1m RUNS [22m[39m[27m[0m [2mtests/[22m[1mcode-geenrator.test.ts[22m
[0m[7m[33m[1m RUNS [22m[39m[27m[0m [2mtests/[22m[1mast.test.ts[22m

[1mTest Suites: [22m0 of 5 total
[1mTests:       [22m0 total
[1mSnapshots:   [22m0 total
[1mTime:[22m        9 s[K[1A[K[1A[K[1A[K[1A[K[1A[K[1A[K[1A[K[1A[K[1A[K[1A
[0m[7m[33m[1m RUNS [22m[39m[27m[0m [2mtests/[22m[1mvalidator.test.ts[22m
[0m[7m[33m[1m RUNS [22m[39m[27m[0m [2mtests/[22m[1mtokenizer.test.ts[22m
[0m[7m[33m[1m RUNS [22m[39m[27m[0m [2mtests/[22m[1moptimizer.test.ts[22m
[0m[7m[33m[1m RUNS [22m[39m[27m[0m [2mtests/[22m[1mcode-geenrator.test.ts[22m
[0m[7m[33m[1m RUNS [22m[39m[27m[0m [2mtests/[22m[1mast.test.ts[22m

[1mTest Suites: [22m0 of 5 total
[1mTests:       [22m0 total
[1mSnapshots:   [22m0 total
[1mTime:[22m        10 s[K[1A[K[1A[K[1A[K[1A[K[1A[K[1A[K[1A[K[1A[K[1A[K[1A
[0m[7m[33m[1m RUNS [22m[39m[27m[0m [2mtests/[22m[1mvalidator.test.ts[22m
[0m[7m[33m[1m RUNS [22m[39m[27m[0m [2mtests/[22m[1mtokenizer.test.ts[22m
[0m[7m[33m[1m RUNS [22m[39m[27m[0m [2mtests/[22m[1moptimizer.test.ts[22m
[0m[7m[33m[1m RUNS [22m[39m[27m[0m [2mtests/[22m[1mcode-geenrator.test.ts[22m
[0m[7m[33m[1m RUNS [22m[39m[27m[0m [2mtests/[22m[1mast.test.ts[22m

[1mTest Suites: [22m0 of 5 total
[1mTests:       [22m0 total
[1mSnapshots:   [22m0 total
[1mTime:[22m        11 s[K[1A[K[1A[K[1A[K[1A[K[1A[K[1A[K[1A[K[1A[K[1A[K[1A
[0m[7m[33m[1m RUNS [22m[39m[27m[0m [2mtests/[22m[1mvalidator.test.ts[22m
[0m[7m[33m[1m RUNS [22m[39m[27m[0m [2mtests/[22m[1mtokenizer.test.ts[22m
[0m[7m[33m[1m RUNS [22m[39m[27m[0m [2mtests/[22m[1moptimizer.test.ts[22m
[0m[7m[33m[1m RUNS [22m[39m[27m[0m [2mtests/[22m[1mcode-geenrator.test.ts[22m
[0m[7m[33m[1m RUNS [22m[39m[27m[0m [2mtests/[22m[1mast.test.ts[22m

[1mTest Suites: [22m0 of 5 total
[1mTests:       [22m0 total
[1mSnapshots:   [22m0 total
[1mTime:[22m        12 s[K[1A[K[1A[K[1A[K[1A[K[1A[K[1A[K[1A[K[1A[K[1A[K[1A
[0m[7m[33m[1m RUNS [22m[39m[27m[0m [2mtests/[22m[1mvalidator.test.ts[22m
[0m[7m[33m[1m RUNS [22m[39m[27m[0m [2mtests/[22m[1mtokenizer.test.ts[22m
[0m[7m[33m[1m RUNS [22m[39m[27m[0m [2mtests/[22m[1moptimizer.test.ts[22m
[0m[7m[33m[1m RUNS [22m[39m[27m[0m [2mtests/[22m[1mcode-geenrator.test.ts[22m
[0m[7m[33m[1m RUNS [22m[39m[27m[0m [2mtests/[22m[1mast.test.ts[22m

[1mTest Suites: [22m0 of 5 total
[1mTests:       [22m0 total
[1mSnapshots:   [22m0 total
[1mTime:[22m        13 s[K[1A[K[1A[K[1A[K[1A[K[1A[K[1A[K[1A[K[1A[K[1A[K[1A
[0m[7m[33m[1m RUNS [22m[39m[27m[0m [2mtests/[22m[1mvalidator.test.ts[22m
[0m[7m[33m[1m RUNS [22m[39m[27m[0m [2mtests/[22m[1mtokenizer.test.ts[22m
[0m[7m[33m[1m RUNS [22m[39m[27m[0m [2mtests/[22m[1moptimizer.test.ts[22m
[0m[7m[33m[1m RUNS [22m[39m[27m[0m [2mtests/[22m[1mcode-geenrator.test.ts[22m
[0m[7m[33m[1m RUNS [22m[39m[27m[0m [2mtests/[22m[1mast.test.ts[22m

[1mTest Suites: [22m0 of 5 total
[1mTests:       [22m0 total
[1mSnapshots:   [22m0 total
[1mTime:[22m        14 s[K[1A[K[1A[K[1A[K[1A[K[1A[K[1A[K[1A[K[1A[K[1A[K[1A
[0m[7m[33m[1m RUNS [22m[39m[27m[0m [2mtests/[22m[1mvalidator.test.ts[22m
[0m[7m[33m[1m RUNS [22m[39m[27m[0m [2mtests/[22m[1mtokenizer.test.ts[22m
[0m[7m[33m[1m RUNS [22m[39m[27m[0m [2mtests/[22m[1moptimizer.test.ts[22m
[0m[7m[33m[1m RUNS [22m[39m[27m[0m [2mtests/[22m[1mcode-geenrator.test.ts[22m
[0m[7m[33m[1m RUNS [22m[39m[27m[0m [2mtests/[22m[1mast.test.ts[22m

[1mTest Suites: [22m0 of 5 total
[1mTests:       [22m0 total
[1mSnapshots:   [22m0 total
[1mTime:[22m        15 s[K[1A[K[1A[K[1A[K[1A[K[1A[K[1A[K[1A[K[1A[K[1A[K[1A
[0m[7m[33m[1m RUNS [22m[39m[27m[0m [2mtests/[22m[1mvalidator.test.ts[22m
[0m[7m[33m[1m RUNS [22m[39m[27m[0m [2mtests/[22m[1mtokenizer.test.ts[22m
[0m[7m[33m[1m RUNS [22m[39m[27m[0m [2mtests/[22m[1moptimizer.test.ts[22m
[0m[7m[33m[1m RUNS [22m[39m[27m[0m [2mtests/[22m[1mcode-geenrator.test.ts[22m
[0m[7m[33m[1m RUNS [22m[39m[27m[0m [2mtests/[22m[1mast.test.ts[22m

[1mTest Suites: [22m0 of 5 total
[1mTests:       [22m0 total
[1mSnapshots:   [22m0 total
[1mTime:[22m        16 s[K[1A[K[1A[K[1A[K[1A[K[1A[K[1A[K[1A[K[1A[K[1A[K[1A
[0m[7m[33m[1m RUNS [22m[39m[27m[0m [2mtests/[22m[1mvalidator.test.ts[22m
[0m[7m[33m[1m RUNS [22m[39m[27m[0m [2mtests/[22m[1mtokenizer.test.ts[22m
[0m[7m[33m[1m RUNS [22m[39m[27m[0m [2mtests/[22m[1moptimizer.test.ts[22m
[0m[7m[33m[1m RUNS [22m[39m[27m[0m [2mtests/[22m[1mcode-geenrator.test.ts[22m
[0m[7m[33m[1m RUNS [22m[39m[27m[0m [2mtests/[22m[1mast.test.ts[22m

[1mTest Suites: [22m0 of 5 total
[1mTests:       [22m0 total
[1mSnapshots:   [22m0 total
[1mTime:[22m        17 s[K[1A[K[1A[K[1A[K[1A[K[1A[K[1A[K[1A[K[1A[K[1A[K[1A
[0m[7m[33m[1m RUNS [22m[39m[27m[0m [2mtests/[22m[1mvalidator.test.ts[22m
[0m[7m[33m[1m RUNS [22m[39m[27m[0m [2mtests/[22m[1mtokenizer.test.ts[22m
[0m[7m[33m[1m RUNS [22m[39m[27m[0m [2mtests/[22m[1moptimizer.test.ts[22m
[0m[7m[33m[1m RUNS [22m[39m[27m[0m [2mtests/[22m[1mcode-geenrator.test.ts[22m
[0m[7m[33m[1m RUNS [22m[39m[27m[0m [2mtests/[22m[1mast.test.ts[22m

[1mTest Suites: [22m0 of 5 total
[1mTests:       [22m0 total
[1mSnapshots:   [22m0 total
[1mTime:[22m        18 s[K[1A[K[1A[K[1A[K[1A[K[1A[K[1A[K[1A[K[1A[K[1A[K[1A
[0m[7m[33m[1m RUNS [22m[39m[27m[0m [2mtests/[22m[1mvalidator.test.ts[22m
[0m[7m[33m[1m RUNS [22m[39m[27m[0m [2mtests/[22m[1mtokenizer.test.ts[22m
[0m[7m[33m[1m RUNS [22m[39m[27m[0m [2mtests/[22m[1moptimizer.test.ts[22m
[0m[7m[33m[1m RUNS [22m[39m[27m[0m [2mtests/[22m[1mcode-geenrator.test.ts[22m
[0m[7m[33m[1m RUNS [22m[39m[27m[0m [2mtests/[22m[1mast.test.ts[22m

[1mTest Suites: [22m0 of 5 total
[1mTests:       [22m0 total
[1mSnapshots:   [22m0 total
[1mTime:[22m        19 s[K[1A[K[1A[K[1A[K[1A[K[1A[K[1A[K[1A[K[1A[K[1A[K[1A
[0m[7m[33m[1m RUNS [22m[39m[27m[0m [2mtests/[22m[1mvalidator.test.ts[22m
[0m[7m[33m[1m RUNS [22m[39m[27m[0m [2mtests/[22m[1mtokenizer.test.ts[22m
[0m[7m[33m[1m RUNS [22m[39m[27m[0m [2mtests/[22m[1moptimizer.test.ts[22m
[0m[7m[33m[1m RUNS [22m[39m[27m[0m [2mtests/[22m[1mcode-geenrator.test.ts[22m
[0m[7m[33m[1m RUNS [22m[39m[27m[0m [2mtests/[22m[1mast.test.ts[22m

[1mTest Suites: [22m0 of 5 total
[1mTests:       [22m0 total
[1mSnapshots:   [22m0 total
[1mTime:[22m        20 s[K[1A[K[1A[K[1A[K[1A[K[1A[K[1A[K[1A[K[1A[K[1A[K[1A
[0m[7m[33m[1m RUNS [22m[39m[27m[0m [2mtests/[22m[1mvalidator.test.ts[22m
[0m[7m[33m[1m RUNS [22m[39m[27m[0m [2mtests/[22m[1mtokenizer.test.ts[22m
[0m[7m[33m[1m RUNS [22m[39m[27m[0m [2mtests/[22m[1moptimizer.test.ts[22m
[0m[7m[33m[1m RUNS [22m[39m[27m[0m [2mtests/[22m[1mcode-geenrator.test.ts[22m
[0m[7m[33m[1m RUNS [22m[39m[27m[0m [2mtests/[22m[1mast.test.ts[22m

[1mTest Suites: [22m0 of 5 total
[1mTests:       [22m0 total
[1mSnapshots:   [22m0 total
[1mTime:[22m        21 s[K[1A[K[1A[K[1A[K[1A[K[1A[K[1A[K[1A[K[1A[K[1A[K[1A
[0m[7m[33m[1m RUNS [22m[39m[27m[0m [2mtests/[22m[1mvalidator.test.ts[22m
[0m[7m[33m[1m RUNS [22m[39m[27m[0m [2mtests/[22m[1mtokenizer.test.ts[22m
[0m[7m[33m[1m RUNS [22m[39m[27m[0m [2mtests/[22m[1moptimizer.test.ts[22m
[0m[7m[33m[1m RUNS [22m[39m[27m[0m [2mtests/[22m[1mcode-geenrator.test.ts[22m
[0m[7m[33m[1m RUNS [22m[39m[27m[0m [2mtests/[22m[1mast.test.ts[22m

[1mTest Suites: [22m0 of 5 total
[1mTests:       [22m0 total
[1mSnapshots:   [22m0 total
[1mTime:[22m        22 s[K[1A[K[1A[K[1A[K[1A[K[1A[K[1A[K[1A[K[1A[K[1A[K[1A
[0m[7m[33m[1m RUNS [22m[39m[27m[0m [2mtests/[22m[1mvalidator.test.ts[22m
[0m[7m[33m[1m RUNS [22m[39m[27m[0m [2mtests/[22m[1mtokenizer.test.ts[22m
[0m[7m[33m[1m RUNS [22m[39m[27m[0m [2mtests/[22m[1moptimizer.test.ts[22m
[0m[7m[33m[1m RUNS [22m[39m[27m[0m [2mtests/[22m[1mcode-geenrator.test.ts[22m
[0m[7m[33m[1m RUNS [22m[39m[27m[0m [2mtests/[22m[1mast.test.ts[22m

[1mTest Suites: [22m0 of 5 total
[1mTests:       [22m0 total
[1mSnapshots:   [22m0 total
[1mTime:[22m        23 s[K[1A[K[1A[K[1A[K[1A[K[1A[K[1A[K[1A[K[1A[K[1A[K[1A
[0m[7m[33m[1m RUNS [22m[39m[27m[0m [2mtests/[22m[1mvalidator.test.ts[22m
[0m[7m[33m[1m RUNS [22m[39m[27m[0m [2mtests/[22m[1mtokenizer.test.ts[22m
[0m[7m[33m[1m RUNS [22m[39m[27m[0m [2mtests/[22m[1moptimizer.test.ts[22m
[0m[7m[33m[1m RUNS [22m[39m[27m[0m [2mtests/[22m[1mcode-geenrator.test.ts[22m
[0m[7m[33m[1m RUNS [22m[39m[27m[0m [2mtests/[22m[1mast.test.ts[22m

[1mTest Suites: [22m0 of 5 total
[1mTests:       [22m0 total
[1mSnapshots:   [22m0 total
[1mTime:[22m        24 s[K[1A[K[1A[K[1A[K[1A[K[1A[K[1A[K[1A[K[1A[K[1A[K[1A
[0m[7m[33m[1m RUNS [22m[39m[27m[0m [2mtests/[22m[1mvalidator.test.ts[22m
[0m[7m[33m[1m RUNS [22m[39m[27m[0m [2mtests/[22m[1mtokenizer.test.ts[22m
[0m[7m[33m[1m RUNS [22m[39m[27m[0m [2mtests/[22m[1moptimizer.test.ts[22m
[0m[7m[33m[1m RUNS [22m[39m[27m[0m [2mtests/[22m[1mcode-geenrator.test.ts[22m
[0m[7m[33m[1m RUNS [22m[39m[27m[0m [2mtests/[22m[1mast.test.ts[22m

[1mTest Suites: [22m0 of 5 total
[1mTests:       [22m0 total
[1mSnapshots:   [22m0 total
[1mTime:[22m        25 s[K[1A[K[1A[K[1A[K[1A[K[1A[K[1A[K[1A[K[1A[K[1A[K[1A
[0m[7m[33m[1m RUNS [22m[39m[27m[0m [2mtests/[22m[1mvalidator.test.ts[22m
[0m[7m[33m[1m RUNS [22m[39m[27m[0m [2mtests/[22m[1mtokenizer.test.ts[22m
[0m[7m[33m[1m RUNS [22m[39m[27m[0m [2mtests/[22m[1moptimizer.test.ts[22m
[0m[7m[33m[1m RUNS [22m[39m[27m[0m [2mtests/[22m[1mcode-geenrator.test.ts[22m
[0m[7m[33m[1m RUNS [22m[39m[27m[0m [2mtests/[22m[1mast.test.ts[22m

[1mTest Suites: [22m0 of 5 total
[1mTests:       [22m0 total
[1mSnapshots:   [22m0 total
[1mTime:[22m        26 s[K[1A[K[1A[K[1A[K[1A[K[1A[K[1A[K[1A[K[1A[K[1A[K[1A[0m[7m[1m[31m FAIL [39m[22m[27m[0m [2mtests/[22m[1mvalidator.test.ts[22m

[0m[7m[33m[1m RUNS [22m[39m[27m[0m [2mtests/[22m[1mvalidator.test.ts[22m
[0m[7m[33m[1m RUNS [22m[39m[27m[0m [2mtests/[22m[1mtokenizer.test.ts[22m
[0m[7m[33m[1m RUNS [22m[39m[27m[0m [2mtests/[22m[1moptimizer.test.ts[22m
[0m[7m[33m[1m RUNS [22m[39m[27m[0m [2mtests/[22m[1mcode-geenrator.test.ts[22m
[0m[7m[33m[1m RUNS [22m[39m[27m[0m [2mtests/[22m[1mast.test.ts[22m

[1mTest Suites: [22m0 of 5 total
[1mTests:       [22m0 total
[1mSnapshots:   [22m0 total
[1mTime:[22m        26 s[K[1A[K[1A[K[1A[K[1A[K[1A[K[1A[K[1A[K[1A[K[1A[K[1A  [1m‚óè [22mTest suite failed to run

    [96mtests/validator.test.ts[0m:[93m1[0m:[93m10[0m - [91merror[0m[90m TS2724: [0m'"../src/validator"' has no exported member named 'Validator'. Did you mean 'CSSValidator'?

    [7m1[0m import { Validator } from "../src/validator";
    [7m [0m [91m         ~~~~~~~~~[0m

      [96msrc/validator/index.ts[0m:[93m24[0m:[93m14[0m
        [7m24[0m export class CSSValidator {
        [7m  [0m [96m             ~~~~~~~~~~~~[0m
        'CSSValidator' is declared here.


[0m[7m[33m[1m RUNS [22m[39m[27m[0m [2mtests/[22m[1mvalidator.test.ts[22m
[0m[7m[33m[1m RUNS [22m[39m[27m[0m [2mtests/[22m[1mtokenizer.test.ts[22m
[0m[7m[33m[1m RUNS [22m[39m[27m[0m [2mtests/[22m[1moptimizer.test.ts[22m
[0m[7m[33m[1m RUNS [22m[39m[27m[0m [2mtests/[22m[1mcode-geenrator.test.ts[22m
[0m[7m[33m[1m RUNS [22m[39m[27m[0m [2mtests/[22m[1mast.test.ts[22m

[1mTest Suites: [22m0 of 5 total
[1mTests:       [22m0 total
[1mSnapshots:   [22m0 total
[1mTime:[22m        26 s[K[1A[K[1A[K[1A[K[1A[K[1A[K[1A[K[1A[K[1A[K[1A[K[1A
[0m[7m[33m[1m RUNS [22m[39m[27m[0m [2mtests/[22m[1mvalidator.test.ts[22m
[0m[7m[33m[1m RUNS [22m[39m[27m[0m [2mtests/[22m[1mtokenizer.test.ts[22m
[0m[7m[33m[1m RUNS [22m[39m[27m[0m [2mtests/[22m[1moptimizer.test.ts[22m
[0m[7m[33m[1m RUNS [22m[39m[27m[0m [2mtests/[22m[1mcode-geenrator.test.ts[22m
[0m[7m[33m[1m RUNS [22m[39m[27m[0m [2mtests/[22m[1mast.test.ts[22m

[1mTest Suites: [22m0 of 5 total
[1mTests:       [22m0 total
[1mSnapshots:   [22m0 total
[1mTime:[22m        26 s[K[1A[K[1A[K[1A[K[1A[K[1A[K[1A[K[1A[K[1A[K[1A[K[1A[0m[7m[1m[31m FAIL [39m[22m[27m[0m [2mtests/[22m[1moptimizer.test.ts[22m

[0m[7m[33m[1m RUNS [22m[39m[27m[0m [2mtests/[22m[1mvalidator.test.ts[22m
[0m[7m[33m[1m RUNS [22m[39m[27m[0m [2mtests/[22m[1mtokenizer.test.ts[22m
[0m[7m[33m[1m RUNS [22m[39m[27m[0m [2mtests/[22m[1moptimizer.test.ts[22m
[0m[7m[33m[1m RUNS [22m[39m[27m[0m [2mtests/[22m[1mcode-geenrator.test.ts[22m
[0m[7m[33m[1m RUNS [22m[39m[27m[0m [2mtests/[22m[1mast.test.ts[22m

[1mTest Suites: [22m0 of 5 total
[1mTests:       [22m0 total
[1mSnapshots:   [22m0 total
[1mTime:[22m        26 s[K[1A[K[1A[K[1A[K[1A[K[1A[K[1A[K[1A[K[1A[K[1A[K[1A  [1m‚óè [22mTest suite failed to run

    Unable to process '/home/nnamdi/projects/obinexuscomputing/pkg/dom-asm/packages/css/tests/optimizer.test.ts', please make sure that `outDir` in your tsconfig is neither `''` or `'.'`. You can also configure Jest config option `transformIgnorePatterns` to inform `ts-jest` to transform /home/nnamdi/projects/obinexuscomputing/pkg/dom-asm/packages/css/tests/optimizer.test.ts

      [2mat TsCompiler.getCompiledOutput ([22m../../node_modules/ts-jest/dist/legacy/compiler/ts-compiler.js[2m:170:27)[22m
      [2mat TsJestCompiler.getCompiledOutput ([22m../../node_modules/ts-jest/dist/legacy/compiler/ts-jest-compiler.js[2m:14:39)[22m
      [2mat TsJestTransformer.processWithTs ([22m../../node_modules/ts-jest/dist/legacy/ts-jest-transformer.js[2m:255:37)[22m
      [2mat TsJestTransformer.process ([22m../../node_modules/ts-jest/dist/legacy/ts-jest-transformer.js[2m:184:24)[22m
      [2mat ScriptTransformer.transformSource ([22m../../node_modules/@jest/transform/build/ScriptTransformer.js[2m:545:31)[22m
      [2mat ScriptTransformer._transformAndBuildScript ([22m../../node_modules/@jest/transform/build/ScriptTransformer.js[2m:674:40)[22m
      [2mat ScriptTransformer.transform ([22m../../node_modules/@jest/transform/build/ScriptTransformer.js[2m:726:19)[22m


[0m[7m[33m[1m RUNS [22m[39m[27m[0m [2mtests/[22m[1mvalidator.test.ts[22m
[0m[7m[33m[1m RUNS [22m[39m[27m[0m [2mtests/[22m[1mtokenizer.test.ts[22m
[0m[7m[33m[1m RUNS [22m[39m[27m[0m [2mtests/[22m[1moptimizer.test.ts[22m
[0m[7m[33m[1m RUNS [22m[39m[27m[0m [2mtests/[22m[1mcode-geenrator.test.ts[22m
[0m[7m[33m[1m RUNS [22m[39m[27m[0m [2mtests/[22m[1mast.test.ts[22m

[1mTest Suites: [22m0 of 5 total
[1mTests:       [22m0 total
[1mSnapshots:   [22m0 total
[1mTime:[22m        26 s[K[1A[K[1A[K[1A[K[1A[K[1A[K[1A[K[1A[K[1A[K[1A[K[1A[0m[7m[1m[31m FAIL [39m[22m[27m[0m [2mtests/[22m[1mcode-geenrator.test.ts[22m

[0m[7m[33m[1m RUNS [22m[39m[27m[0m [2mtests/[22m[1mvalidator.test.ts[22m
[0m[7m[33m[1m RUNS [22m[39m[27m[0m [2mtests/[22m[1mtokenizer.test.ts[22m
[0m[7m[33m[1m RUNS [22m[39m[27m[0m [2mtests/[22m[1moptimizer.test.ts[22m
[0m[7m[33m[1m RUNS [22m[39m[27m[0m [2mtests/[22m[1mcode-geenrator.test.ts[22m
[0m[7m[33m[1m RUNS [22m[39m[27m[0m [2mtests/[22m[1mast.test.ts[22m

[1mTest Suites: [22m0 of 5 total
[1mTests:       [22m0 total
[1mSnapshots:   [22m0 total
[1mTime:[22m        26 s[K[1A[K[1A[K[1A[K[1A[K[1A[K[1A[K[1A[K[1A[K[1A[K[1A  [1m‚óè [22mTest suite failed to run

    [96mtests/code-geenrator.test.ts[0m:[93m1[0m:[93m10[0m - [91merror[0m[90m TS2724: [0m'"../src/generator"' has no exported member named 'CodeGenerator'. Did you mean 'CSSCodeGenerator'?

    [7m1[0m import { CodeGenerator } from "../src/generator";
    [7m [0m [91m         ~~~~~~~~~~~~~[0m

      [96msrc/generator/index.ts[0m:[93m29[0m:[93m16[0m
        [7m29[0m   export class CSSCodeGenerator {
        [7m  [0m [96m               ~~~~~~~~~~~~~~~~[0m
        'CSSCodeGenerator' is declared here.


[0m[7m[33m[1m RUNS [22m[39m[27m[0m [2mtests/[22m[1mvalidator.test.ts[22m
[0m[7m[33m[1m RUNS [22m[39m[27m[0m [2mtests/[22m[1mtokenizer.test.ts[22m
[0m[7m[33m[1m RUNS [22m[39m[27m[0m [2mtests/[22m[1moptimizer.test.ts[22m
[0m[7m[33m[1m RUNS [22m[39m[27m[0m [2mtests/[22m[1mcode-geenrator.test.ts[22m
[0m[7m[33m[1m RUNS [22m[39m[27m[0m [2mtests/[22m[1mast.test.ts[22m

[1mTest Suites: [22m0 of 5 total
[1mTests:       [22m0 total
[1mSnapshots:   [22m0 total
[1mTime:[22m        26 s[K[1A[K[1A[K[1A[K[1A[K[1A[K[1A[K[1A[K[1A[K[1A[K[1A[0m[7m[1m[31m FAIL [39m[22m[27m[0m [2mtests/[22m[1mtokenizer.test.ts[22m

[0m[7m[33m[1m RUNS [22m[39m[27m[0m [2mtests/[22m[1mvalidator.test.ts[22m
[0m[7m[33m[1m RUNS [22m[39m[27m[0m [2mtests/[22m[1mtokenizer.test.ts[22m
[0m[7m[33m[1m RUNS [22m[39m[27m[0m [2mtests/[22m[1moptimizer.test.ts[22m
[0m[7m[33m[1m RUNS [22m[39m[27m[0m [2mtests/[22m[1mcode-geenrator.test.ts[22m
[0m[7m[33m[1m RUNS [22m[39m[27m[0m [2mtests/[22m[1mast.test.ts[22m

[1mTest Suites: [22m0 of 5 total
[1mTests:       [22m0 total
[1mSnapshots:   [22m0 total
[1mTime:[22m        26 s[K[1A[K[1A[K[1A[K[1A[K[1A[K[1A[K[1A[K[1A[K[1A[K[1A  [1m‚óè [22mTest suite failed to run

    [96mtests/tokenizer.test.ts[0m:[93m1[0m:[93m10[0m - [91merror[0m[90m TS2724: [0m'"../src/tokenizer"' has no exported member named 'Tokenizer'. Did you mean 'CSSTokenizer'?

    [7m1[0m import { Tokenizer, Token } from "../src/tokenizer";
    [7m [0m [91m         ~~~~~~~~~[0m

      [96msrc/tokenizer/index.ts[0m:[93m7[0m:[93m14[0m
        [7m7[0m export class CSSTokenizer {
        [7m [0m [96m             ~~~~~~~~~~~~[0m
        'CSSTokenizer' is declared here.


[0m[7m[33m[1m RUNS [22m[39m[27m[0m [2mtests/[22m[1mvalidator.test.ts[22m
[0m[7m[33m[1m RUNS [22m[39m[27m[0m [2mtests/[22m[1mtokenizer.test.ts[22m
[0m[7m[33m[1m RUNS [22m[39m[27m[0m [2mtests/[22m[1moptimizer.test.ts[22m
[0m[7m[33m[1m RUNS [22m[39m[27m[0m [2mtests/[22m[1mcode-geenrator.test.ts[22m
[0m[7m[33m[1m RUNS [22m[39m[27m[0m [2mtests/[22m[1mast.test.ts[22m

[1mTest Suites: [22m0 of 5 total
[1mTests:       [22m0 total
[1mSnapshots:   [22m0 total
[1mTime:[22m        26 s[K[1A[K[1A[K[1A[K[1A[K[1A[K[1A[K[1A[K[1A[K[1A[K[1A[0m[7m[1m[31m FAIL [39m[22m[27m[0m [2mtests/[22m[1mast.test.ts[22m

[0m[7m[33m[1m RUNS [22m[39m[27m[0m [2mtests/[22m[1mvalidator.test.ts[22m
[0m[7m[33m[1m RUNS [22m[39m[27m[0m [2mtests/[22m[1mtokenizer.test.ts[22m
[0m[7m[33m[1m RUNS [22m[39m[27m[0m [2mtests/[22m[1moptimizer.test.ts[22m
[0m[7m[33m[1m RUNS [22m[39m[27m[0m [2mtests/[22m[1mcode-geenrator.test.ts[22m
[0m[7m[33m[1m RUNS [22m[39m[27m[0m [2mtests/[22m[1mast.test.ts[22m

[1mTest Suites: [22m0 of 5 total
[1mTests:       [22m0 total
[1mSnapshots:   [22m0 total
[1mTime:[22m        26 s[K[1A[K[1A[K[1A[K[1A[K[1A[K[1A[K[1A[K[1A[K[1A[K[1A  [1m‚óè [22mTest suite failed to run

    Unable to process '/home/nnamdi/projects/obinexuscomputing/pkg/dom-asm/packages/css/tests/ast.test.ts', please make sure that `outDir` in your tsconfig is neither `''` or `'.'`. You can also configure Jest config option `transformIgnorePatterns` to inform `ts-jest` to transform /home/nnamdi/projects/obinexuscomputing/pkg/dom-asm/packages/css/tests/ast.test.ts

      [2mat TsCompiler.getCompiledOutput ([22m../../node_modules/ts-jest/dist/legacy/compiler/ts-compiler.js[2m:170:27)[22m
      [2mat TsJestCompiler.getCompiledOutput ([22m../../node_modules/ts-jest/dist/legacy/compiler/ts-jest-compiler.js[2m:14:39)[22m
      [2mat TsJestTransformer.processWithTs ([22m../../node_modules/ts-jest/dist/legacy/ts-jest-transformer.js[2m:255:37)[22m
      [2mat TsJestTransformer.process ([22m../../node_modules/ts-jest/dist/legacy/ts-jest-transformer.js[2m:184:24)[22m
      [2mat ScriptTransformer.transformSource ([22m../../node_modules/@jest/transform/build/ScriptTransformer.js[2m:545:31)[22m
      [2mat ScriptTransformer._transformAndBuildScript ([22m../../node_modules/@jest/transform/build/ScriptTransformer.js[2m:674:40)[22m
      [2mat ScriptTransformer.transform ([22m../../node_modules/@jest/transform/build/ScriptTransformer.js[2m:726:19)[22m


[0m[7m[33m[1m RUNS [22m[39m[27m[0m [2mtests/[22m[1mvalidator.test.ts[22m
[0m[7m[33m[1m RUNS [22m[39m[27m[0m [2mtests/[22m[1mtokenizer.test.ts[22m
[0m[7m[33m[1m RUNS [22m[39m[27m[0m [2mtests/[22m[1moptimizer.test.ts[22m
[0m[7m[33m[1m RUNS [22m[39m[27m[0m [2mtests/[22m[1mcode-geenrator.test.ts[22m
[0m[7m[33m[1m RUNS [22m[39m[27m[0m [2mtests/[22m[1mast.test.ts[22m

[1mTest Suites: [22m0 of 5 total
[1mTests:       [22m0 total
[1mSnapshots:   [22m0 total
[1mTime:[22m        26 s[K[1A[K[1A[K[1A[K[1A[K[1A[K[1A[K[1A[K[1A[K[1A[K[1A

[1mTest Suites: [22m[1m[31m5 failed[39m[22m, 5 total
[1mTests:       [22m0 total
[1mSnapshots:   [22m0 total
[1mTime:[22m        27 s[K[1A[K[1A[K[1A[K[1A[K[1A[33mA worker process has failed to exit gracefully and has been force exited. This is likely caused by tests leaking due to improper teardown. Try running with --detectOpenHandles to find leaks. Active timers can also cause this, ensure that .unref() was called on them.[39m


[1mTest Suites: [22m[1m[31m5 failed[39m[22m, 5 total
[1mTests:       [22m0 total
[1mSnapshots:   [22m0 total
[1mTime:[22m        27 s[K[1A[K[1A[K[1A[K[1A[K[1A[999D[K[1mTest Suites: [22m[1m[31m5 failed[39m[22m, 5 total
[1mTests:       [22m0 total
[1mSnapshots:   [22m0 total
[1mTime:[22m        28.474 s
[2mRan all test suites[22m[2m.[22m
[1G[0K‚†ô[1G[0K[1mnpm[22m [31merror[39m Lifecycle script `test` failed with error:
[1G[0K‚†π[1G[0K[1mnpm[22m [31merror[39m [94mcode[39m [33m1[39m
[1G[0K‚†π[1G[0K[1mnpm[22m [31merror[39m [94mpath[39m /home/nnamdi/projects/obinexuscomputing/pkg/dom-asm/packages/css
[1G[0K‚†π[1G[0K[1mnpm[22m [31merror[39m [94mworkspace[39m @obinexuscomputing/css@1.0.0
[1G[0K‚†π[1G[0K[1mnpm[22m [31merror[39m [94mlocation[39m /home/nnamdi/projects/obinexuscomputing/pkg/dom-asm/packages/css
[1G[0K‚†π[1G[0K[1mnpm[22m [31merror[39m command failed
[1G[0K‚†π[1G[0K[1mnpm[22m [31merror[39m [94mcommand[39m sh -c jest 
[1G[0K‚†π[1G[0K
